2025-11-24 20:15:42,432 - Server - INFO - IRC Server started on 0.0.0.0:6667
2025-11-24 20:16:06,788 - Handler - INFO - Connected: ('127.0.0.1', 65479)
2025-11-24 20:16:06,788 - Handler - DEBUG - Received: NICK ['Guest']
2025-11-24 20:16:06,789 - Handler - INFO - Nick change: Guest65479 -> Guest
2025-11-24 20:16:06,789 - Handler - DEBUG - Received: USER ['Guest', '0', '*', 'RealName']
2025-11-24 20:16:14,336 - Handler - DEBUG - Received: JOIN []
2025-11-24 20:16:18,280 - Handler - DEBUG - Received: JOIN ['#channel']
2025-11-24 20:16:18,280 - ChannelManager - INFO - Channel #channel created.
2025-11-24 20:16:18,281 - ChannelManager - INFO - Guest joined #channel
2025-11-24 20:16:21,380 - Handler - DEBUG - Received: PRIVMSG ['#channel', 'hi']
2025-11-24 20:16:39,496 - Handler - INFO - Disconnected: ('127.0.0.1', 65479)
2025-11-24 20:16:39,496 - ChannelManager - INFO - Guest left #channel
2025-11-24 20:16:39,496 - ChannelManager - INFO - Channel #channel deleted (empty).
2025-11-24 20:19:01,018 - Server - INFO - IRC Server started on 0.0.0.0:6667
2025-11-24 20:19:04,042 - Server - INFO - 
Server stopping by user request (Ctrl+C)...
2025-11-24 20:19:04,043 - Server - INFO - Server socket closed.
2025-11-24 21:39:27,771 - Server - INFO - IRC Server started on 0.0.0.0:6667
2025-11-24 21:39:27,771 - Server - ERROR - Server error: name 'threading' is not defined
2025-11-24 21:39:27,771 - Server - INFO - Server socket closed.
2025-11-24 21:47:57,030 - Server - INFO - IRC Server started on 0.0.0.0:6667
2025-11-24 21:48:05,206 - Handler - INFO - Connected: ('127.0.0.1', 65381)
2025-11-24 21:48:05,207 - Handler - DEBUG - Received: NICK ['Guest']
2025-11-24 21:48:05,207 - Handler - INFO - Nick change: Guest65381 -> Guest
2025-11-24 21:48:05,207 - Handler - DEBUG - Received: USER ['Guest', '0', '*', 'RealName']
2025-11-24 21:48:52,088 - Handler - DEBUG - Received: JOIN []
2025-11-24 21:49:02,331 - Handler - DEBUG - Received: JOIN ['#`']
2025-11-24 21:49:02,332 - ChannelManager - INFO - Channel #` created (auto).
2025-11-24 21:49:02,332 - ChannelManager - INFO - Guest joined #`
2025-11-24 21:49:15,683 - Handler - DEBUG - Received: PRIVMSG ['#`', 'nick']
2025-11-24 21:49:19,113 - Handler - DEBUG - Received: PRIVMSG ['#`', 'NICK']
2025-11-24 21:49:22,834 - Handler - DEBUG - Received: NICK []
2025-11-24 21:49:28,821 - Handler - DEBUG - Received: NICK []
2025-11-24 21:49:34,414 - Handler - DEBUG - Received: NICK ['han']
2025-11-24 21:49:34,415 - Handler - INFO - Nick change: Guest -> han
2025-11-24 21:49:37,793 - Handler - DEBUG - Received: PRIVMSG ['#`', 'dkkd']
2025-11-24 21:49:41,914 - Handler - DEBUG - Received: PRIVMSG ['#`', 'hello']
2025-11-24 21:49:57,801 - Handler - DEBUG - Received: NICK ['potter']
2025-11-24 21:49:57,801 - Handler - INFO - Nick change: han -> potter
2025-11-24 21:50:14,285 - Handler - DEBUG - Received: PRIVMSG ['#`', 'fdffd']
2025-11-24 21:50:18,550 - Handler - INFO - Disconnected: ('127.0.0.1', 65381)
2025-11-24 21:50:18,551 - ChannelManager - INFO - potter left #`
2025-11-24 21:50:18,551 - ChannelManager - INFO - Channel #` deleted (empty).
2025-11-24 21:50:18,551 - ChannelManager - INFO - User potter removed from registry.
2025-11-24 21:50:23,488 - Handler - INFO - Connected: ('127.0.0.1', 65394)
2025-11-24 21:50:23,488 - Handler - DEBUG - Received: NICK ['han']
2025-11-24 21:50:23,489 - Handler - INFO - Nick change: Guest65394 -> han
2025-11-24 21:50:23,489 - Handler - DEBUG - Received: USER ['han', '0', '*', 'RealName']
2025-11-24 21:50:44,853 - Handler - DEBUG - Received: JOIN ['Room1']
2025-11-24 21:50:44,854 - ChannelManager - INFO - Channel Room1 created (auto).
2025-11-24 21:50:44,854 - ChannelManager - INFO - han joined Room1
2025-11-24 21:50:48,375 - Handler - DEBUG - Received: PRIVMSG ['Room1', 'fdfd']
2025-11-24 21:51:09,566 - Handler - DEBUG - Received: NICK ['han']
2025-11-24 21:51:15,512 - Handler - DEBUG - Received: NICK ['kim']
2025-11-24 21:51:15,512 - Handler - INFO - Nick change: han -> kim
2025-11-24 21:51:18,886 - Handler - DEBUG - Received: PRIVMSG ['Room1', 'dfd']
2025-11-24 21:51:51,329 - Handler - INFO - Connected: ('127.0.0.1', 60333)
2025-11-24 21:51:51,329 - Handler - DEBUG - Received: NICK ['Guest']
2025-11-24 21:51:51,330 - Handler - INFO - Nick change: Guest60333 -> Guest
2025-11-24 21:51:51,330 - Handler - DEBUG - Received: USER ['Guest', '0', '*', 'RealName']
2025-11-24 21:52:04,896 - Handler - DEBUG - Received: JOIN ['Room1']
2025-11-24 21:52:04,897 - ChannelManager - INFO - Guest joined Room1
2025-11-24 21:52:18,282 - Handler - DEBUG - Received: NICK ['kate']
2025-11-24 21:52:18,283 - Handler - INFO - Nick change: Guest -> kate
2025-11-24 21:52:21,024 - Handler - DEBUG - Received: PRIVMSG ['Room1', 'erer']
2025-11-24 21:52:41,767 - Handler - DEBUG - Received: NICK ['Guest']
2025-11-24 21:52:41,767 - Handler - INFO - Nick change: kate -> Guest
2025-11-24 21:52:43,502 - Handler - DEBUG - Received: PRIVMSG ['Room1', 'dsfds']
2025-11-24 21:52:44,983 - Handler - DEBUG - Received: PRIVMSG ['Room1', 'sdfd']
2025-11-24 21:53:00,567 - Handler - INFO - Connected: ('127.0.0.1', 60336)
2025-11-24 21:53:00,567 - Handler - DEBUG - Received: NICK ['Guest2']
2025-11-24 21:53:00,567 - Handler - INFO - Nick change: Guest60336 -> Guest2
2025-11-24 21:53:00,568 - Handler - DEBUG - Received: USER ['Guest2', '0', '*', 'RealName']
2025-11-24 21:53:07,923 - Handler - DEBUG - Received: JOIN ['Room1']
2025-11-24 21:53:07,924 - ChannelManager - INFO - Guest2 joined Room1
2025-11-24 21:53:12,657 - Handler - DEBUG - Received: PRIVMSG ['Room1', 'fgfg']
2025-11-24 21:53:16,093 - Handler - INFO - Disconnected: ('127.0.0.1', 60336)
2025-11-24 21:53:16,094 - ChannelManager - INFO - Guest2 left Room1
2025-11-24 21:53:16,094 - ChannelManager - INFO - User Guest2 removed from registry.
2025-11-24 21:53:22,999 - Handler - INFO - Disconnected: ('127.0.0.1', 60333)
2025-11-24 21:53:22,999 - ChannelManager - INFO - Guest left Room1
2025-11-24 21:53:22,999 - ChannelManager - INFO - User Guest removed from registry.
2025-11-24 21:53:24,584 - Handler - INFO - Disconnected: ('127.0.0.1', 65394)
2025-11-24 21:53:24,584 - ChannelManager - INFO - kim left Room1
2025-11-24 21:53:24,584 - ChannelManager - INFO - Channel Room1 deleted (empty).
2025-11-24 21:53:24,584 - ChannelManager - INFO - User kim removed from registry.
2025-11-24 21:54:06,245 - Handler - INFO - Connected: ('127.0.0.1', 53754)
2025-11-24 21:54:06,246 - Handler - DEBUG - Received: NICK ['Guest']
2025-11-24 21:54:06,246 - Handler - INFO - Nick change: Guest53754 -> Guest
2025-11-24 21:54:06,246 - Handler - DEBUG - Received: USER ['Guest', '0', '*', 'RealName']
2025-11-24 21:54:07,010 - Handler - DEBUG - Received: JOIN ['#room1']
2025-11-24 21:54:07,010 - ChannelManager - INFO - Channel #room1 created (auto).
2025-11-24 21:54:07,011 - ChannelManager - INFO - Guest joined #room1
2025-11-24 21:54:12,036 - Handler - DEBUG - Received: PRIVMSG ['#room1', 'hello']
2025-11-24 21:54:23,575 - Handler - INFO - Connected: ('127.0.0.1', 53755)
2025-11-24 21:54:23,575 - Handler - DEBUG - Received: NICK ['Guest2']
2025-11-24 21:54:23,576 - Handler - INFO - Nick change: Guest53755 -> Guest2
2025-11-24 21:54:23,576 - Handler - DEBUG - Received: USER ['Guest2', '0', '*', 'RealName']
2025-11-24 21:54:40,547 - Handler - DEBUG - Received: JOIN ['#room1']
2025-11-24 21:54:40,548 - ChannelManager - INFO - Guest2 joined #room1
2025-11-24 21:54:47,796 - Handler - DEBUG - Received: PRIVMSG ['#room1', 'hello2']
2025-11-24 21:54:53,222 - Handler - DEBUG - Received: PRIVMSG ['#room1', 'ok its work']
2025-11-24 21:55:02,344 - Handler - DEBUG - Received: PRIVMSG ['#room1', 'but theres bugs...']
2025-11-24 21:55:14,461 - Handler - DEBUG - Received: PRIVMSG []
2025-11-24 21:56:51,703 - Handler - DEBUG - Received: PRIVMSG ['#Guest2', 'privhello']
2025-11-24 21:58:11,818 - Handler - DEBUG - Received: PRIVMSG ['Guest2', 'privhello']
2025-11-24 22:01:45,783 - Handler - DEBUG - Received: NAMES []
2025-11-24 22:01:55,927 - Handler - DEBUG - Received: NAMES []
2025-11-24 22:01:59,766 - Handler - DEBUG - Received: NAMES []
2025-11-24 22:02:12,502 - Handler - DEBUG - Received: USER []
2025-11-24 22:02:16,909 - Handler - DEBUG - Received: USER []
2025-11-24 22:02:47,791 - Handler - DEBUG - Received: PART []
2025-11-24 22:02:50,659 - Handler - DEBUG - Received: PRIVMSG ['#room1', 'drfd']
2025-11-24 22:02:56,942 - Handler - DEBUG - Received: PART []
2025-11-24 22:03:01,654 - Handler - DEBUG - Received: PRIVMSG ['#room1', 'part']
2025-11-24 22:03:23,122 - Handler - DEBUG - Received: PRIVMSG ['#room1', 'join']
2025-11-24 22:03:28,799 - Handler - DEBUG - Received: JOIN ['room2']
2025-11-24 22:03:28,800 - ChannelManager - INFO - Channel room2 created (auto).
2025-11-24 22:03:28,800 - ChannelManager - INFO - Guest2 joined room2
2025-11-24 22:03:30,506 - Handler - DEBUG - Received: PRIVMSG ['room2', 'dfdf']
2025-11-24 22:03:32,402 - Handler - DEBUG - Received: PRIVMSG ['room2', 'dfdfdf']
2025-11-24 22:04:00,488 - Handler - DEBUG - Received: JOIN ['#room1']
2025-11-24 22:04:00,488 - ChannelManager - INFO - Guest2 joined #room1
2025-11-24 22:04:02,541 - Handler - DEBUG - Received: PRIVMSG ['#room1', 'efdfd']
2025-11-24 22:04:08,011 - Handler - DEBUG - Received: PART []
2025-11-24 22:04:17,030 - Handler - DEBUG - Received: PRIVMSG ['#room1', 'ping']
2025-11-24 22:04:19,382 - Handler - DEBUG - Received: PING []
2025-11-24 22:04:27,766 - Handler - DEBUG - Received: PRIVMSG ['#room1', 'quit']
2025-11-24 22:04:30,742 - Handler - DEBUG - Received: QUIT []
2025-11-24 22:04:30,742 - Handler - INFO - Disconnected: ('127.0.0.1', 53755)
2025-11-24 22:04:30,743 - ChannelManager - INFO - Guest2 left #room1
2025-11-24 22:04:30,743 - ChannelManager - INFO - Guest2 left room2
2025-11-24 22:04:30,743 - ChannelManager - INFO - Channel room2 deleted (empty).
2025-11-24 22:04:30,744 - ChannelManager - INFO - User Guest2 removed from registry.
2025-11-24 22:05:02,863 - Handler - INFO - Disconnected: ('127.0.0.1', 53754)
2025-11-24 22:05:02,863 - ChannelManager - INFO - Guest left #room1
2025-11-24 22:05:02,863 - ChannelManager - INFO - Channel #room1 deleted (empty).
2025-11-24 22:05:02,864 - ChannelManager - INFO - User Guest removed from registry.
